<?xml version="1.0" encoding="UTF-8"?>
<!-- Generated by org.testng.reporters.JUnitReportReporter -->
<testsuite hostname="PRINHYLTPDL1740" name="com.qa.test.GetAPITest" tests="2" failures="0" timestamp="24 Mar 2020 08:03:53 GMT" time="1.270" errors="0">
  <testcase name="tc_01" time="0.975" classname="com.qa.test.GetAPITest"/>
  <testcase name="tc_02" time="0.295" classname="com.qa.test.GetAPITest"/>
</testsuite> <!-- com.qa.test.GetAPITest -->
